[14:45:26] [Server thread/INFO]: Starting minecraft server version 1.8.8
[14:45:26] [Server thread/INFO]: Loading properties
[14:45:26] [Server thread/INFO]: Default game type: SURVIVAL
[14:45:27] [Server thread/INFO]: This server is running CraftBukkit version git-PaperSpigot-445 (MC: 1.8.8) (Implementing API version 1.8.8-R0.1-SNAPSHOT)
[14:45:27] [Server thread/INFO]: Debug logging is disabled
[14:45:27] [Server thread/INFO]: Spigot Timings: true - Verbose: true - Interval: 5m - Length: 60m
[14:45:27] [Server thread/INFO]: Server Ping Player Sample Count: 12

[14:45:27] [Server thread/INFO]: Using 4 threads for Netty based IO
[14:45:27] [Server thread/INFO]: Data value allowed items: 
[14:45:27] [Server thread/WARN]: java.lang.NoSuchFieldException: modifiers

[14:45:27] [Server thread/WARN]: 	at java.base/java.lang.Class.getDeclaredField(Class.java:2782)

[14:45:27] [Server thread/WARN]: 	at org.github.paperspigot.PaperSpigotConfig.stackableBuckets(PaperSpigotConfig.java:192)

[14:45:27] [Server thread/WARN]: 	at java.base/jdk.internal.reflect.DirectMethodHandleAccessor.invoke(DirectMethodHandleAccessor.java:103)

[14:45:27] [Server thread/WARN]: 	at java.base/java.lang.reflect.Method.invoke(Method.java:580)

[14:45:27] [Server thread/WARN]: 	at org.github.paperspigot.PaperSpigotConfig.readConfig(PaperSpigotConfig.java:84)

[14:45:27] [Server thread/WARN]: 	at org.github.paperspigot.PaperSpigotConfig.init(PaperSpigotConfig.java:62)

[14:45:27] [Server thread/WARN]: 	at net.minecraft.server.v1_8_R3.DedicatedServer.init(DedicatedServer.java:181)

[14:45:27] [Server thread/WARN]: 	at net.minecraft.server.v1_8_R3.MinecraftServer.run(MinecraftServer.java:563)

[14:45:27] [Server thread/WARN]: 	at java.base/java.lang.Thread.run(Thread.java:1583)

[14:45:27] [Server thread/INFO]: Generating keypair
[14:45:28] [Server thread/INFO]: Starting Minecraft server on localhost:25565
[14:45:28] [Server thread/INFO]: Your platform does not provide complete low-level API for accessing direct buffers reliably. Unless explicitly requested, heap buffer will always be preferred to avoid potential system unstability.
[14:45:28] [Server thread/INFO]: Using default channel type
[14:45:28] [Server thread/ERROR]: Ambiguous plugin name `EaglerPluginInstaller' for files `plugins/EaglerPluginInstaller-1.1.5.jar' and `plugins/EaglerPluginInstaller.jar' in `plugins'
[14:45:28] [Server thread/INFO]: Set PluginClassLoader as parallel capable
[14:45:29] [Server thread/INFO]: [SimpleTpa] Loading SimpleTpa v6.4
[14:45:29] [Server thread/INFO]: [[EaglerPluginInstaller]] Loading EaglerPluginInstaller v1.1.4
[14:45:29] [Server thread/INFO]: [LuckPerms] Loading LuckPerms v5.4.146
[14:45:30] [Server thread/INFO]: [WorldEdit] Loading WorldEdit v6.1;no_git_id
[14:45:30] [Server thread/INFO]: [Minepacks] Loading Minepacks v2.4.31.4-T20240629215752
[14:45:30] [Server thread/INFO]: [Minepacks] PCGF-PluginLib not installed. Switching to standalone mode!
[14:45:30] [Server thread/INFO]: [OpenInv] Loading OpenInv v2.3.4
[14:45:30] [Server thread/INFO]: [ClearLag] Loading ClearLag v2.3.1
[14:45:30] [Server thread/INFO]: [[EaglerPluginUpdater]] Loading EaglerPluginUpdater v1.1.2
[14:45:30] [Server thread/INFO]: [AntiSwear] Loading AntiSwear v3.5
[14:45:30] [Server thread/INFO]: [Vault] Loading Vault v1.5.5-b47
[14:45:30] [Server thread/INFO]: [SimpleSit] Loading SimpleSit v1.7.1
[14:45:30] [Server thread/INFO]: [ProtocolLib] Loading ProtocolLib v5.3.0
[14:45:31] [Server thread/INFO]: [AuctionMaster] Loading AuctionMaster v4.1.3
[14:45:31] [Server thread/INFO]: [Essentials] Loading Essentials v2.0.1-b276
[14:45:31] [Server thread/INFO]: [LoginSecurity] Loading LoginSecurity v3.2.0
[14:45:31] [Server thread/INFO]: [TradePlus] Loading TradePlus v3.79
[14:45:31] [Server thread/INFO]: [TradePlus] Failed to hook into worldguard. Ignore this if you don't have worldguard.
[14:45:31] [Server thread/INFO]: [Factions] Loading Factions v1.6.9.5-U0.2.1-1.8.1-BETA
[14:45:31] [Server thread/INFO]: [SilkSpawners] Loading SilkSpawners v8.1.0
[14:45:31] [Server thread/INFO]: [EconomyShopGUI] Loading EconomyShopGUI v6.9.0
[14:45:31] [Server thread/INFO]: [LuckPerms] Enabling LuckPerms v5.4.146
[14:45:32] [Server thread/INFO]: [0;36;1m       [0;36;22m __    [m

[14:45:32] [Server thread/INFO]: [0;36;1m  |    [0;36;22m|__)   [0;32;22mLuckPerms[m [0;36;1mv5.4.146[m

[14:45:32] [Server thread/INFO]: [0;36;1m  |___ [0;36;22m|      [0;30;1mRunning on Bukkit - CraftBukkit[m

[14:45:32] [Server thread/INFO]: [m

[14:45:32] [Server thread/INFO]: [LuckPerms] Loading configuration...
[14:45:33] [Server thread/INFO]: [LuckPerms] Loading storage provider... [H2]
[14:45:35] [Server thread/INFO]: [LuckPerms] Loading internal permission managers...
[14:45:35] [Server thread/INFO]: [LuckPerms] Performing initial data load...
[14:45:35] [Server thread/INFO]: [LuckPerms] Successfully enabled. (took 4593ms)
[14:45:35] [Server thread/INFO]: [Vault] Enabling Vault v1.5.5-b47
[14:45:35] [Server thread/INFO]: [Vault] [Economy] Essentials Economy found: Waiting
[14:45:36] [Server thread/INFO]: [Vault] [Permission] SuperPermissions loaded as backup permission system.
[14:45:36] [Server thread/INFO]: [Vault] Enabled Version 1.5.5-b47
[14:45:36] [Server thread/INFO]: [LuckPerms] Registered Vault permission & chat hook.
[14:45:36] [Server thread/INFO]: [ProtocolLib] Enabling ProtocolLib v5.3.0
[14:45:36] [Server thread/WARN]: **** SERVER IS RUNNING IN OFFLINE/INSECURE MODE!
[14:45:36] [Server thread/WARN]: The server will make no attempt to authenticate usernames. Beware.
[14:45:36] [Server thread/WARN]: Whilst this makes it possible to use BungeeCord, unless access to your server is properly restricted, it also opens up the ability for hackers to connect with any username they choose.
[14:45:36] [Server thread/WARN]: Please see http://www.spigotmc.org/wiki/firewall-guide/ for further information.
[14:45:36] [Server thread/WARN]: To change this, set "online-mode" to "true" in the server.properties file.
[14:45:36] [Server thread/INFO]: **** Beginning UUID conversion, this may take A LONG time ****
[14:45:36] [Server thread/INFO]: Preparing level "world"
[14:45:36] [Server thread/INFO]: -------- World Settings For [world] --------
[14:45:36] [Server thread/INFO]: Mob Spawn Range: 4
[14:45:36] [Server thread/INFO]: Anti X-Ray: true
[14:45:36] [Server thread/INFO]: 	Engine Mode: 1
[14:45:36] [Server thread/INFO]: 	Hidden Blocks: [14, 15, 16, 21, 48, 49, 54, 56, 73, 74, 82, 129, 130]
[14:45:36] [Server thread/INFO]: 	Replace Blocks: [1, 5]
[14:45:36] [Server thread/INFO]: Nerfing mobs spawned from spawners: false
[14:45:36] [Server thread/INFO]: Cactus Growth Modifier: 100%
[14:45:36] [Server thread/INFO]: Cane Growth Modifier: 100%
[14:45:36] [Server thread/INFO]: Melon Growth Modifier: 100%
[14:45:36] [Server thread/INFO]: Mushroom Growth Modifier: 100%
[14:45:36] [Server thread/INFO]: Pumpkin Growth Modifier: 100%
[14:45:36] [Server thread/INFO]: Sapling Growth Modifier: 100%
[14:45:36] [Server thread/INFO]: Wheat Growth Modifier: 100%
[14:45:36] [Server thread/INFO]: NetherWart Growth Modifier: 100%
[14:45:36] [Server thread/INFO]: Entity Activation Range: An 32 / Mo 32 / Mi 16
[14:45:36] [Server thread/INFO]: Entity Tracking Range: Pl 48 / An 48 / Mo 48 / Mi 32 / Other 64
[14:45:36] [Server thread/INFO]: Hopper Transfer: 8 Hopper Check: 8 Hopper Amount: 1
[14:45:36] [Server thread/INFO]: Random Lighting Updates: false
[14:45:36] [Server thread/INFO]: Structure Info Saving: true
[14:45:36] [Server thread/INFO]: Sending up to 10 chunks per packet
[14:45:36] [Server thread/INFO]: Max Entity Collisions: 8
[14:45:36] [Server thread/INFO]: Custom Map Seeds:  Village: 10387312 Feature: 14357617
[14:45:36] [Server thread/INFO]: Max TNT Explosions: 100
[14:45:36] [Server thread/INFO]: Tile Max Tick Time: 50ms Entity max Tick Time: 50ms
[14:45:36] [Server thread/INFO]: Item Despawn Rate: 6000
[14:45:36] [Server thread/INFO]: Item Merge Radius: 2.5
[14:45:36] [Server thread/INFO]: View Distance: 4
[14:45:36] [Server thread/INFO]: Arrow Despawn Rate: 1200
[14:45:36] [Server thread/INFO]: Allow Zombie Pigmen to spawn from portal blocks: true
[14:45:36] [Server thread/INFO]: Zombie Aggressive Towards Villager: true
[14:45:36] [Server thread/INFO]: Chunks to Grow per Tick: 650
[14:45:36] [Server thread/INFO]: Clear tick list: false
[14:45:36] [Server thread/INFO]: Experience Merge Radius: 3.0
[14:45:36] [Server thread/INFO]: -------- World Settings For [world] --------
[14:45:36] [Server thread/INFO]: Remove invalid mob spawner tile entities: true
[14:45:36] [Server thread/INFO]: Player blocking damage multiplier set to 0.5
[14:45:36] [Server thread/INFO]: Squids will spawn between Y: 45.0 and Y: 63.0
[14:45:36] [Server thread/INFO]: Max height for cactus growth 3. Max height for reed growth 3
[14:45:36] [Server thread/INFO]: Living Entity Despawn Ranges:  Soft: 32 Hard: 128
[14:45:36] [Server thread/INFO]: Water over lava flow speed: 5
[14:45:36] [Server thread/INFO]: Fix TNT cannons: false
[14:45:36] [Server thread/INFO]: Allow undead horse types to be leashed: false
[14:45:36] [Server thread/INFO]: WorldServer TickNextTick cap set at 10000
[14:45:36] [Server thread/INFO]: WorldServer TickNextTickList cap always processes redstone: false
[14:45:36] [Server thread/INFO]: Keep spawn chunk loaded: true
[14:45:36] [Server thread/INFO]: World async lighting: false
[14:45:36] [Server thread/INFO]: -------- World Settings For [world_the_end] --------
[14:45:36] [Server thread/INFO]: Mob Spawn Range: 4
[14:45:36] [Server thread/INFO]: Anti X-Ray: true
[14:45:36] [Server thread/INFO]: 	Engine Mode: 1
[14:45:36] [Server thread/INFO]: 	Hidden Blocks: [14, 15, 16, 21, 48, 49, 54, 56, 73, 74, 82, 129, 130]
[14:45:36] [Server thread/INFO]: 	Replace Blocks: [1, 5]
[14:45:36] [Server thread/INFO]: Nerfing mobs spawned from spawners: false
[14:45:36] [Server thread/INFO]: Cactus Growth Modifier: 100%
[14:45:36] [Server thread/INFO]: Cane Growth Modifier: 100%
[14:45:37] [Server thread/INFO]: Melon Growth Modifier: 100%
[14:45:37] [Server thread/INFO]: Mushroom Growth Modifier: 100%
[14:45:37] [Server thread/INFO]: Pumpkin Growth Modifier: 100%
[14:45:37] [Server thread/INFO]: Sapling Growth Modifier: 100%
[14:45:37] [Server thread/INFO]: Wheat Growth Modifier: 100%
[14:45:37] [Server thread/INFO]: NetherWart Growth Modifier: 100%
[14:45:37] [Server thread/INFO]: Entity Activation Range: An 32 / Mo 32 / Mi 16
[14:45:37] [Server thread/INFO]: Entity Tracking Range: Pl 48 / An 48 / Mo 48 / Mi 32 / Other 64
[14:45:37] [Server thread/INFO]: Hopper Transfer: 8 Hopper Check: 8 Hopper Amount: 1
[14:45:37] [Server thread/INFO]: Random Lighting Updates: false
[14:45:37] [Server thread/INFO]: Structure Info Saving: true
[14:45:37] [Server thread/INFO]: Sending up to 10 chunks per packet
[14:45:37] [Server thread/INFO]: Max Entity Collisions: 8
[14:45:37] [Server thread/INFO]: Custom Map Seeds:  Village: 10387312 Feature: 14357617
[14:45:37] [Server thread/INFO]: Max TNT Explosions: 100
[14:45:37] [Server thread/INFO]: Tile Max Tick Time: 50ms Entity max Tick Time: 50ms
[14:45:37] [Server thread/INFO]: Item Despawn Rate: 6000
[14:45:37] [Server thread/INFO]: Item Merge Radius: 2.5
[14:45:37] [Server thread/INFO]: View Distance: 4
[14:45:37] [Server thread/INFO]: Arrow Despawn Rate: 1200
[14:45:37] [Server thread/INFO]: Allow Zombie Pigmen to spawn from portal blocks: true
[14:45:37] [Server thread/INFO]: Zombie Aggressive Towards Villager: true
[14:45:37] [Server thread/INFO]: Chunks to Grow per Tick: 650
[14:45:37] [Server thread/INFO]: Clear tick list: false
[14:45:37] [Server thread/INFO]: Experience Merge Radius: 3.0
[14:45:37] [Server thread/INFO]: -------- World Settings For [world_the_end] --------
[14:45:37] [Server thread/INFO]: Remove invalid mob spawner tile entities: true
[14:45:37] [Server thread/INFO]: Player blocking damage multiplier set to 0.5
[14:45:37] [Server thread/INFO]: Squids will spawn between Y: 45.0 and Y: 63.0
[14:45:37] [Server thread/INFO]: Max height for cactus growth 3. Max height for reed growth 3
[14:45:37] [Server thread/INFO]: Living Entity Despawn Ranges:  Soft: 32 Hard: 128
[14:45:37] [Server thread/INFO]: Water over lava flow speed: 5
[14:45:37] [Server thread/INFO]: Fix TNT cannons: false
[14:45:37] [Server thread/INFO]: Allow undead horse types to be leashed: false
[14:45:37] [Server thread/INFO]: WorldServer TickNextTick cap set at 10000
[14:45:37] [Server thread/INFO]: WorldServer TickNextTickList cap always processes redstone: false
[14:45:37] [Server thread/INFO]: Keep spawn chunk loaded: true
[14:45:37] [Server thread/INFO]: World async lighting: false
[14:45:37] [Server thread/INFO]: Preparing start region for level 0 (Seed: 6654872422354129583)
[14:45:38] [Server thread/INFO]: Preparing spawn area: 6%
[14:45:39] [Server thread/INFO]: Preparing spawn area: 29%
[14:45:40] [Server thread/INFO]: Preparing spawn area: 61%
[14:45:40] [Server thread/INFO]: Preparing start region for level 1 (Seed: 6654872422354129583)
[14:45:41] [Server thread/INFO]: Preparing spawn area: 42%
[14:45:42] [Server thread/INFO]: [SimpleTpa] Enabling SimpleTpa v6.4
[14:45:42] [Server thread/INFO]: [0;33;1m[21m[SimpleTpa] If you need support contact me at https://discord.gg/SZUkza9[m

[14:45:42] [Server thread/INFO]: [0;33;1m[21m[SimpleTpa] Simple Tpa has been enabled on version 6.4[m

[14:45:42] [Server thread/INFO]: Enabled metrics. You may opt-out by changing plugins/bStats/config.yml
[14:45:42] [Server thread/INFO]: [[EaglerPluginInstaller]] Enabling EaglerPluginInstaller v1.1.4
[14:45:42] [Server thread/INFO]: Check 1 passed

[14:45:43] [Server thread/INFO]: Check 3 passed

[14:45:43] [Server thread/INFO]: --------------------------------------------[m

[14:45:43] [Server thread/INFO]: --------------------------------------------[m

[14:45:43] [Server thread/INFO]: [0;32;1m[EaglerPluginInstaller][0;36;1m EaglerPluginInstaller V1.1.5 is now Enabled! :D[m

[14:45:43] [Server thread/INFO]: To use PluginInstaller, run the command "/install <pluginname>" ("install <pluginname>" in console) to install a plugin[m

[14:45:43] [Server thread/INFO]: To get a list of installable plugins, use the command "/plist" or "plist" in console[m

[14:45:43] [Server thread/INFO]: You can request to add a new plugin to the database by going to https://github.com/darverdevs/PluginInstallerRepo/tree/main[m

[14:45:43] [Server thread/INFO]: and creating an issue or pull request of the plugin you want to add[m

[14:45:43] [Server thread/INFO]: --------------------------------------------[m

[14:45:43] [Server thread/INFO]: --------------------------------------------[m

[14:45:43] [Server thread/INFO]: [WorldEdit] Enabling WorldEdit v6.1;no_git_id
[14:45:44] [Server thread/INFO]: WEPIF: Using the Bukkit Permissions API.
[14:45:44] [Server thread/INFO]: [WorldEdit] Using com.sk89q.worldedit.bukkit.adapter.impl.Spigot_v1_8_R3 as the Bukkit adapter
[14:45:44] [Server thread/INFO]: [Minepacks] Enabling Minepacks v2.4.31.4-T20240629215752
[14:45:44] [Server thread/INFO]: [Minepacks] Starting Minepacks in standalone mode!
[14:45:44] [Server thread/INFO]: [Minepacks] [32mConfig file successfully loaded.[0m
[14:45:44] [Server thread/INFO]: [Minepacks] [32mLanguage file successfully loaded. Language: english  Author: GeorgH93[0m
[14:45:44] [Server thread/WARN]: SLF4J: No SLF4J providers were found.

[14:45:44] [Server thread/WARN]: SLF4J: Defaulting to no-operation (NOP) logger implementation

[14:45:44] [Server thread/WARN]: SLF4J: See http://www.slf4j.org/codes.html#noProviders for further details.

[14:45:44] [Server thread/INFO]: [Minepacks] [32mItem name language file successfully loaded. Language: english  Author: GeorgH93[0m
[14:45:44] [Server thread/INFO]: [Minepacks] Loading item translations ...
[14:45:44] [Server thread/INFO]: [Minepacks] Finished loading item translations for 634 items.
[14:45:44] [Server thread/INFO]: [Minepacks] [32m Minepacks has been enabled! [33m :) [0m
[14:45:44] [Server thread/INFO]: [OpenInv] Enabling OpenInv v2.3.4
[14:45:44] [Server thread/INFO]: [OpenInv] [Config] Update not required.
[14:45:44] [Server thread/INFO]: [ClearLag] Enabling ClearLag v2.3.1
[14:45:44] [Server thread/INFO]: [ClearLag] Checking for a new update...
[14:45:45] [Thread-10/WARN]: [ClearLag] Could not reach dev.bukkit.org for update checking. Is it offline?
[14:45:45] [Server thread/INFO]: [ClearLag] Update found! Downloading...
[14:45:45] [Server thread/INFO]: [ClearLag] New clearlag will be enabled on restart!
[14:45:45] [Server thread/INFO]: [ClearLag] ClearLag is now enabled.
[14:45:45] [Server thread/INFO]: [[EaglerPluginUpdater]] Enabling EaglerPluginUpdater v1.1.2
[14:45:45] [Server thread/INFO]: [[EaglerPluginInstaller]] Disabling EaglerPluginInstaller v1.1.4
[14:45:45] [Server thread/INFO]: --------------------------------------------[m

[14:45:45] [Server thread/INFO]: --------------------------------------------[m

[14:45:45] [Server thread/INFO]: [0;32;1m[EaglerPluginInstaller][0;36;1m PluginInstaller V1.1.5 is now Disabled! D:[m

[14:45:45] [Server thread/INFO]: --------------------------------------------[m

[14:45:45] [Server thread/INFO]: --------------------------------------------[m

[14:45:45] [Server thread/INFO]: [[EaglerPluginInstaller]] Enabling EaglerPluginInstaller v1.1.4
[14:45:45] [Server thread/INFO]: Check 1 passed

[14:45:45] [Server thread/INFO]: Check 3 passed

[14:45:45] [Server thread/INFO]: --------------------------------------------[m

[14:45:45] [Server thread/INFO]: --------------------------------------------[m

[14:45:45] [Server thread/INFO]: [0;32;1m[EaglerPluginInstaller][0;36;1m EaglerPluginInstaller V1.1.5 is now Enabled! :D[m

[14:45:45] [Server thread/INFO]: To use PluginInstaller, run the command "/install <pluginname>" ("install <pluginname>" in console) to install a plugin[m

[14:45:45] [Server thread/INFO]: To get a list of installable plugins, use the command "/plist" or "plist" in console[m

[14:45:45] [Server thread/INFO]: You can request to add a new plugin to the database by going to https://github.com/darverdevs/PluginInstallerRepo/tree/main[m

[14:45:45] [Server thread/INFO]: and creating an issue or pull request of the plugin you want to add[m

[14:45:45] [Server thread/INFO]: --------------------------------------------[m

[14:45:45] [Server thread/INFO]: --------------------------------------------[m

[14:45:45] [Server thread/INFO]: --------------------------------------------[m

[14:45:45] [Server thread/INFO]: --------------------------------------------[m

[14:45:45] [Server thread/INFO]: [0;32;1m[EaglerPluginUpdater][0;36;1m EaglerPluginUpdater V1.1.2 is now Enabled! :D[m

[14:45:45] [Server thread/INFO]: You do not need to do anything, this plugin will automatically update your PluginUpdater on startup[m

[14:45:45] [Server thread/INFO]: --------------------------------------------[m

[14:45:45] [Server thread/INFO]: --------------------------------------------[m

[14:45:45] [Server thread/INFO]: [AntiSwear] Enabling AntiSwear v3.5
[14:45:45] [Server thread/INFO]: [AntiSwear] AntiSwear 3 Has Been Enabled!
[14:45:45] [Server thread/INFO]: [SimpleSit] Enabling SimpleSit v1.7.1
[14:45:45] [Server thread/WARN]: [SimpleSit] Using legacy armor stand align, for mc versions 1.12 and below.
[14:45:45] [Server thread/INFO]: [AuctionMaster] Enabling AuctionMaster v4.1.3
[14:45:45] [Server thread/INFO]: [AuctionMaster] Succesfully connected to the Deliveries SQL.
[14:45:45] [Server thread/WARN]: [AuctionMaster] Auctions database is ready!
[14:45:45] [Server thread/WARN]: [AuctionMaster] AuctionLists database is ready!
[14:45:45] [Server thread/WARN]: [AuctionMaster] PreviewData database is ready!
[14:45:45] [Server thread/INFO]: [Essentials] Enabling Essentials v2.0.1-b276
[14:45:45] [Server thread/INFO]: Using locale en
[14:45:45] [Server thread/INFO]: [Essentials] Using 1.8.3+ BlockStateMeta provider as spawner provider.
[14:45:45] [Server thread/INFO]: Using locale en
[14:45:45] [Server thread/INFO]: [Essentials] Starting Metrics. Opt-out using the global PluginMetrics config.
[14:45:45] [Server thread/INFO]: [Vault][Economy] Essentials Economy hooked.
[14:45:45] [Server thread/INFO]: [Essentials] Using Vault based permissions (generic)
[14:45:45] [Server thread/INFO]: [LoginSecurity] Enabling LoginSecurity v3.2.0
[14:45:45] [Server thread/INFO]: [LoginSecurity] Loading base translations from "en_us"
[14:45:45] [Server thread/INFO]: [LoginSecurity] Loading specified translations from "en_us"
[14:45:45] [Server thread/INFO]: [LoginSecurity] Registering commands...
[14:45:45] [Server thread/INFO]: [LoginSecurity] Registering listeners...
[14:45:45] [Server thread/INFO]: [Essentials] Using Vault based permissions (generic)
[14:45:46] [Server thread/INFO]: [TradePlus] Enabling TradePlus v3.79
[14:45:46] [Server thread/INFO]: [Essentials] Using Vault based permissions (generic)
[14:45:46] [Server thread/INFO]: [Factions] Enabling Factions v1.6.9.5-U0.2.1-1.8.1-BETA
[14:45:46] [Server thread/INFO]: [Factions] [Factions v1.6.9.5-U0.2.1-1.8.1-BETA] ==== Setup ====
[14:45:46] [Server thread/INFO]: [Factions] [Factions v1.6.9.5-U0.2.1-1.8.1-BETA] Minecraft Version 1.8 found, Title Fadeouttime etc will not be configurable.
[14:45:46] [Server thread/INFO]: File was not found for players.json, assuming there is no need to migrate old players.json file.

[14:45:46] [Server thread/INFO]: [Factions] [Factions v1.6.9.5-U0.2.1-1.8.1-BETA] ==== End Setup ====
[14:45:46] [Server thread/INFO]: [Factions] [Factions v1.6.9.5-U0.2.1-1.8.1-BETA] === ENABLE START ===
[14:45:46] [TaskChainAsyncQueue Thread 0/INFO]: You appear to be running version 18

[14:45:46] [Server thread/INFO]: [Factions] [Factions v1.6.9.5-U0.2.1-1.8.1-BETA] Loaded 27 players
[14:45:46] [Server thread/INFO]: [Factions] [Factions v1.6.9.5-U0.2.1-1.8.1-BETA] Loaded 9 Factions
[14:45:46] [Server thread/INFO]: [Factions] [Factions v1.6.9.5-U0.2.1-1.8.1-BETA] Loading board from disk
[14:45:46] [Server thread/INFO]: [Factions] [Factions v1.6.9.5-U0.2.1-1.8.1-BETA] Loaded 65 board locations
[14:45:46] [Server thread/INFO]: [Factions] [Factions v1.6.9.5-U0.2.1-1.8.1-BETA] CoreProtect not found, disabling Inspect
[14:45:46] [Server thread/INFO]: [Factions] [Factions v1.6.9.5-U0.2.1-1.8.1-BETA] Enabling FactionsTop command, this is a very basic /f top please get a dedicated /f top resource if you want land calculation etc.
[14:45:46] [Server thread/INFO]: [Factions] [Factions v1.6.9.5-U0.2.1-1.8.1-BETA] Economy integration through Vault plugin successful.
[14:45:46] [Server thread/INFO]: [Factions] [Factions v1.6.9.5-U0.2.1-1.8.1-BETA] NOTE: Economy is disabled. You can enable it with the command: f config econEnabled true
[14:45:46] [Server thread/ERROR]: [Factions] Plugin Factions v1.6.9.5-U0.2.1-1.8.1-BETA has failed to register events for class com.massivecraft.factions.missions.MissionHandler because org/bukkit/event/entity/EntityBreedEvent does not exist.
[14:45:46] [Server thread/INFO]:   .-.-.   .-.-.   .-.-.   .-.-.   .-.-.   .-.-.   .-.-.   .-.-

[14:45:46] [Server thread/INFO]:  / / \ \ / / \ \ / / \ \ / / \ \ / / \ \ / / \ \ / / \ \ / / \

[14:45:46] [Server thread/INFO]: `-'   `-`-'   `-`-'   `-`-'   `-`-'   `-`-'   `-`-'   `-`-'

[14:45:46] [Server thread/INFO]: You are using a BETA version of the plugin!

[14:45:46] [Server thread/INFO]: This comes with risks of small bugs in newer features!

[14:45:46] [Server thread/INFO]: For support head to: https://github.com/Driftay/Saber-Factions/issues

[14:45:46] [Server thread/INFO]:   .-.-.   .-.-.   .-.-.   .-.-.   .-.-.   .-.-.   .-.-.   .-.-

[14:45:46] [Server thread/INFO]:  / / \ \ / / \ \ / / \ \ / / \ \ / / \ \ / / \ \ / / \ \ / / \

[14:45:46] [Server thread/INFO]: `-'   `-`-'   `-`-'   `-`-'   `-`-'   `-`-'   `-`-'   `-`-'

[14:45:46] [Server thread/INFO]: [Factions] [Factions v1.6.9.5-U0.2.1-1.8.1-BETA] === ENABLE DONE (Took 799ms) ===
[14:45:46] [Server thread/INFO]: [Essentials] Using Vault based permissions (generic)
[14:45:47] [Server thread/INFO]: [SilkSpawners] Enabling SilkSpawners v8.1.0
[14:45:47] [Server thread/INFO]: [SilkSpawners] WorldGuard was not found and support is disabled
[14:45:47] [Server thread/INFO]: [SilkSpawners] Mimic was not found and support is disabled
[14:45:47] [Server thread/INFO]: [SilkSpawners] Loading support for v1_8_R3
[14:45:48] [Server thread/INFO]: [SilkSpawners] AutoUpdater is enabled and now running.
[14:45:48] [Server thread/INFO]: [SilkSpawners] BarAPI is disabled due to config setting.
[14:45:48] [Server thread/INFO]: [Essentials] Using Vault based permissions (generic)
[14:45:48] [Server thread/INFO]: [EconomyShopGUI] Enabling EconomyShopGUI v6.9.0
[14:45:49] [Server thread/INFO]: [0;30;1m[[0;36;22mEconomyShopGUI[0;30;1m][m [0;30;1m[[0;37;22mINFO[0;30;1m][m: Using lang-en.yml as language file.[m

[14:45:49] [Server thread/INFO]: [0;30;1m[[0;36;22mEconomyShopGUI[0;30;1m][m [0;30;1m[[0;37;22mINFO[0;30;1m][m: Completed loading 2 section configs from /sections/[m

[14:45:49] [Server thread/INFO]: [0;30;1m[[0;36;22mEconomyShopGUI[0;30;1m][m [0;30;1m[[0;37;22mINFO[0;30;1m][m: Completed loading 2 shop configs from /shops/[m

[14:45:49] [Server thread/INFO]: [0;30;1m[[0;36;22mEconomyShopGUI[0;30;1m][m [0;30;1m[[0;37;22mINFO[0;30;1m][m: Updating Shop settings...[m

[14:45:49] [Server thread/INFO]: [0;30;1m[[0;36;22mEconomyShopGUI[0;30;1m][m [0;30;1m[[0;37;22mINFO[0;30;1m][m: Successfully hooked into Vault[m

[14:45:49] [Server thread/INFO]: [0;30;1m[[0;36;22mEconomyShopGUI[0;30;1m][m [0;30;1m[[0;37;22mINFO[0;30;1m][m: Completed loading 1 economy provider(s) for all 2 shop sections.[m

[14:45:49] [Server thread/INFO]: [0;30;1m[[0;36;22mEconomyShopGUI[0;30;1m][m [0;30;1m[[0;37;22mINFO[0;30;1m][m: Using minecraft version 1.8.8...[m

[14:45:49] [Server thread/INFO]: [0;30;1m[[0;36;22mEconomyShopGUI[0;30;1m][m [0;30;1m[[0;37;22mINFO[0;30;1m][m: Spawner provider set to AUTO in config[m

[14:45:49] [Server thread/INFO]: [0;30;1m[[0;36;22mEconomyShopGUI[0;30;1m][m [0;30;1m[[0;37;22mINFO[0;30;1m][m: Automatically searching for compatible spawner provider....[m

[14:45:49] [Server thread/INFO]: [0;30;1m[[0;36;22mEconomyShopGUI[0;30;1m][m [0;30;1m[[0;37;22mINFO[0;30;1m][m: SilkSpawners found, integrating...[m

[14:45:49] [Server thread/INFO]: [SilkSpawners] WorldGuard was not found and support is disabled
[14:45:49] [Server thread/INFO]: [SilkSpawners] Mimic was not found and support is disabled
[14:45:49] [Server thread/INFO]: [SilkSpawners] Loading support for v1_8_R3
[14:45:49] [Server thread/INFO]: [0;30;1m[[0;36;22mEconomyShopGUI[0;30;1m][m [0;30;1m[[0;37;22mINFO[0;30;1m][m: Using SilkSpawners as spawner provider.[m

[14:45:49] [Server thread/INFO]: [0;30;1m[[0;36;22mEconomyShopGUI[0;30;1m][m [0;30;1m[[0;37;22mINFO[0;30;1m][m: Debug mode is enabled.[m

[14:45:49] [Server thread/INFO]: [0;30;1m[[0;36;22mEconomyShopGUI[0;30;1m][m [0;30;1m[[0;37;22mINFO[0;30;1m][m: Loading all items...[m

[14:45:49] [Server thread/INFO]: [0;30;1m[[0;36;22mEconomyShopGUI[0;30;1m][m [0;30;1m[[0;37;22mINFO[0;30;1m][m: Initialized - Took 468ms to complete[m

[14:45:49] [Server thread/INFO]: [Essentials] Using Vault based permissions (generic)
[14:45:49] [Server thread/INFO]: Server permissions file permissions.yml is empty, ignoring it
[14:45:49] [Server thread/INFO]: Done (13.300s)! For help, type "help" or "?"
[14:45:49] [Server thread/INFO]: Timings Reset
[14:45:49] [Server thread/INFO]: [SilkSpawners] Result from AutoUpdater is: NO_UPDATE
[14:45:49] [Craft Scheduler Thread - 0/INFO]: [0;31;1m[21m[SimpleTpa] There is a new update available.[m

[14:45:49] [Craft Scheduler Thread - 0/INFO]: [0;31;1m[SimpleTpa] There is a new update available:[m

[14:45:49] [Craft Scheduler Thread - 0/INFO]: [0;31;1m[SimpleTpa] https://www.spigotmc.org/resources/simple-tpa.64270/[m

[14:45:49] [Craft Scheduler Thread - 3/INFO]: [Vault] Checking for Updates ... 
[14:45:49] [Craft Scheduler Thread - 3/WARN]: [Vault] Stable Version: 1.7.3 is out! You are still running version: 1.5.5
[14:45:49] [Craft Scheduler Thread - 3/WARN]: [Vault] Update at: http://dev.bukkit.org/server-mods/vault
[14:49:49] [Thread-14/INFO]: UUID of player freakbob is f21fd111-17cc-3dc8-ae10-2963b3de0dd3
[14:49:49] [Server thread/INFO]: freakbob[/[0:0:0:0:0:0:0:1]:57670] logged in with entity id 318 at ([world]-1225.370221733056, 71.0, 1223.5441531335048)
[14:49:49] [Craft Scheduler Thread - 5/WARN]: [Essentials] Permissions lag notice with (GenericVaultHandler). Response took 32.378385ms. Summary: Getting group for freakbob
[14:50:25] [Server thread/INFO]: freakbob lost connection: Disconnected
[14:50:25] [Server thread/INFO]: freakbob left the game.
[15:18:53] [Thread-16/INFO]: UUID of player freakbob is f21fd111-17cc-3dc8-ae10-2963b3de0dd3
[15:18:53] [Server thread/INFO]: freakbob[/[0:0:0:0:0:0:0:1]:47686] logged in with entity id 2578 at ([world]-1237.4798341438309, 71.0, 1233.0215257066147)
[15:18:58] [Server thread/INFO]: freakbob issued server command: /l PL44387596
[15:19:03] [Server thread/INFO]: freakbob issued server command: /deop freakbob
[15:19:16] [Server thread/INFO]: freakbob lost connection: Disconnected
[15:19:16] [Server thread/INFO]: freakbob left the game.
